<?xml version="1.0" encoding="UTF-8"?>
<!-- Generated by org.testng.reporters.JUnitXMLReporter -->
<testsuite ignored="0" hostname="DESKTOP-AMC897U" failures="0" tests="3" name="Default test" time="280.052" errors="0" timestamp="2024-08-05T20:56:08 IST">
  <testcase classname="testl.inkedIn.ExtractInformation" name="login" time="0.038"/>
  <testcase classname="testl.inkedIn.ExtractInformation" name="selectFilter" time="76.385"/>
  <testcase classname="testl.inkedIn.ExtractInformation" name="extractList" time="178.379"/>
</testsuite> <!-- Default test -->
