<?xml version="1.0" encoding="UTF-8"?>
<!-- Generated by org.testng.reporters.JUnitXMLReporter -->
<testsuite ignored="0" hostname="Deepika" failures="0" tests="6" name="Test" time="282.638" errors="0" timestamp="2024-08-11T15:14:27 IST">
  <testcase classname="test.sourcing.Instahyre" name="login" time="14.931"/>
  <testcase classname="test.sourcing.Naukri" name="naukriLoginAndUpdateResumeHeadline" time="70.54"/>
  <testcase classname="test.sourcing.Linked" name="login" time="75.215"/>
  <testcase classname="test.sourcing.Linked" name="selectFilter" time="40.029"/>
  <testcase classname="test.sourcing.Linked" name="extractList" time="126.67"/>
  <testcase classname="test.sourcing.Instahyre" name="processOpportunities" time="264.997"/>
</testsuite> <!-- Test -->
